<?xml version="1.0" encoding="UTF-8"?>
<testng-results ignored="0" total="1" passed="1" failed="0" skipped="0">
  <reporter-output>
  </reporter-output>
  <suite started-at="2025-03-07T13:36:20 IST" name="Default suite" finished-at="2025-03-07T13:36:24 IST" duration-ms="4152">
    <groups>
    </groups>
    <test started-at="2025-03-07T13:36:20 IST" name="Default test" finished-at="2025-03-07T13:36:24 IST" duration-ms="4152">
      <class name="OAuthTest">
        <test-method signature="OAuth()[pri:0, instance:OAuthTest@48aca48b]" started-at="2025-03-07T13:36:20 IST" name="OAuth" finished-at="2025-03-07T13:36:24 IST" duration-ms="4070" status="PASS">
          <reporter-output>
          </reporter-output>
        </test-method> <!-- OAuth -->
      </class> <!-- OAuthTest -->
    </test> <!-- Default test -->
  </suite> <!-- Default suite -->
</testng-results>
