<?xml version="1.0" encoding="UTF-8"?>
<testng-results ignored="0" total="1" passed="1" failed="0" skipped="0">
  <reporter-output>
  </reporter-output>
  <suite started-at="2025-03-06T17:53:39 IST" name="Default suite" finished-at="2025-03-06T17:53:54 IST" duration-ms="14963">
    <groups>
    </groups>
    <test started-at="2025-03-06T17:53:39 IST" name="Default test" finished-at="2025-03-06T17:53:54 IST" duration-ms="14963">
      <class name="JIRABugTest">
        <test-method signature="BugTest()[pri:0, instance:JIRABugTest@48aca48b]" started-at="2025-03-06T17:53:39 IST" name="BugTest" finished-at="2025-03-06T17:53:54 IST" duration-ms="14906" status="PASS">
          <reporter-output>
          </reporter-output>
        </test-method> <!-- BugTest -->
      </class> <!-- JIRABugTest -->
    </test> <!-- Default test -->
  </suite> <!-- Default suite -->
</testng-results>
